[09:16:27.877][ERROR][com.mmall.common.RedissonManager][main] redisson init error
org.redisson.client.RedisConnectionException: Can't init enough connections amount! Only 0 from 10 were initialized. Server: /127.0.0.1:6379
	at org.redisson.connection.pool.ConnectionPool$2$1.operationComplete(ConnectionPool.java:128) ~[redisson-2.9.0.jar:na]
	at io.netty.util.concurrent.DefaultPromise.notifyListener0(DefaultPromise.java:507) ~[netty-common-4.1.8.Final.jar:4.1.8.Final]
	at io.netty.util.concurrent.DefaultPromise.notifyListenersNow(DefaultPromise.java:481) ~[netty-common-4.1.8.Final.jar:4.1.8.Final]
	at io.netty.util.concurrent.DefaultPromise.notifyListeners(DefaultPromise.java:420) ~[netty-common-4.1.8.Final.jar:4.1.8.Final]
	at io.netty.util.concurrent.DefaultPromise.tryFailure(DefaultPromise.java:122) ~[netty-common-4.1.8.Final.jar:4.1.8.Final]
	at org.redisson.misc.RedissonPromise.tryFailure(RedissonPromise.java:75) ~[redisson-2.9.0.jar:na]
	at org.redisson.connection.pool.ConnectionPool.promiseFailure(ConnectionPool.java:298) ~[redisson-2.9.0.jar:na]
	at org.redisson.connection.pool.ConnectionPool.access$400(ConnectionPool.java:53) ~[redisson-2.9.0.jar:na]
	at org.redisson.connection.pool.ConnectionPool$4.operationComplete(ConnectionPool.java:268) ~[redisson-2.9.0.jar:na]
	at io.netty.util.concurrent.DefaultPromise.notifyListener0(DefaultPromise.java:507) ~[netty-common-4.1.8.Final.jar:4.1.8.Final]
	at io.netty.util.concurrent.DefaultPromise.notifyListenersNow(DefaultPromise.java:481) ~[netty-common-4.1.8.Final.jar:4.1.8.Final]
	at io.netty.util.concurrent.DefaultPromise.notifyListeners(DefaultPromise.java:420) ~[netty-common-4.1.8.Final.jar:4.1.8.Final]
	at io.netty.util.concurrent.DefaultPromise.tryFailure(DefaultPromise.java:122) ~[netty-common-4.1.8.Final.jar:4.1.8.Final]
	at org.redisson.misc.RedissonPromise.tryFailure(RedissonPromise.java:75) ~[redisson-2.9.0.jar:na]
	at org.redisson.connection.ClientConnectionsEntry$1.operationComplete(ClientConnectionsEntry.java:141) ~[redisson-2.9.0.jar:na]
	at io.netty.util.concurrent.DefaultPromise.notifyListener0(DefaultPromise.java:507) ~[netty-common-4.1.8.Final.jar:4.1.8.Final]
	at io.netty.util.concurrent.DefaultPromise.notifyListenersNow(DefaultPromise.java:481) ~[netty-common-4.1.8.Final.jar:4.1.8.Final]
	at io.netty.util.concurrent.DefaultPromise.notifyListeners(DefaultPromise.java:420) ~[netty-common-4.1.8.Final.jar:4.1.8.Final]
	at io.netty.util.concurrent.DefaultPromise.tryFailure(DefaultPromise.java:122) ~[netty-common-4.1.8.Final.jar:4.1.8.Final]
	at org.redisson.misc.RedissonPromise.tryFailure(RedissonPromise.java:75) ~[redisson-2.9.0.jar:na]
	at org.redisson.client.RedisClient$2$2.run(RedisClient.java:163) ~[redisson-2.9.0.jar:na]
	at io.netty.util.concurrent.AbstractEventExecutor.safeExecute(AbstractEventExecutor.java:163) ~[netty-common-4.1.8.Final.jar:4.1.8.Final]
	at io.netty.util.concurrent.SingleThreadEventExecutor.runAllTasks(SingleThreadEventExecutor.java:403) ~[netty-common-4.1.8.Final.jar:4.1.8.Final]
	at io.netty.channel.nio.NioEventLoop.run(NioEventLoop.java:445) ~[netty-transport-4.1.8.Final.jar:4.1.8.Final]
	at io.netty.util.concurrent.SingleThreadEventExecutor$5.run(SingleThreadEventExecutor.java:858) ~[netty-common-4.1.8.Final.jar:4.1.8.Final]
	at io.netty.util.concurrent.DefaultThreadFactory$DefaultRunnableDecorator.run(DefaultThreadFactory.java:144) ~[netty-common-4.1.8.Final.jar:4.1.8.Final]
	at java.lang.Thread.run(Thread.java:748) ~[na:1.8.0_181]
Caused by: io.netty.channel.AbstractChannel$AnnotatedConnectException: Connection refused: no further information: /127.0.0.1:6379
	at sun.nio.ch.SocketChannelImpl.checkConnect(Native Method) ~[na:1.8.0_181]
	at sun.nio.ch.SocketChannelImpl.finishConnect(SocketChannelImpl.java:717) ~[na:1.8.0_181]
	at io.netty.channel.socket.nio.NioSocketChannel.doFinishConnect(NioSocketChannel.java:347) ~[netty-transport-4.1.8.Final.jar:4.1.8.Final]
	at io.netty.channel.nio.AbstractNioChannel$AbstractNioUnsafe.finishConnect(AbstractNioChannel.java:340) ~[netty-transport-4.1.8.Final.jar:4.1.8.Final]
	at io.netty.channel.nio.NioEventLoop.processSelectedKey(NioEventLoop.java:630) ~[netty-transport-4.1.8.Final.jar:4.1.8.Final]
	at io.netty.channel.nio.NioEventLoop.processSelectedKeysOptimized(NioEventLoop.java:565) ~[netty-transport-4.1.8.Final.jar:4.1.8.Final]
	at io.netty.channel.nio.NioEventLoop.processSelectedKeys(NioEventLoop.java:479) ~[netty-transport-4.1.8.Final.jar:4.1.8.Final]
	at io.netty.channel.nio.NioEventLoop.run(NioEventLoop.java:441) ~[netty-transport-4.1.8.Final.jar:4.1.8.Final]
	... 3 common frames omitted
[09:16:28.571][ERROR][io.netty.util.ResourceLeakDetector][main] LEAK: HashedWheelTimer.release() was not called before it's garbage-collected. Enable advanced leak reporting to find out where the leak occurred. To enable advanced leak reporting, specify the JVM option '-Dio.netty.leakDetection.level=advanced' or call ResourceLeakDetector.setLevel() See http://netty.io/wiki/reference-counted-objects.html for more information.
[09:16:31.782][ERROR][com.mmall.common.RedissonManager][main] redisson init error
org.redisson.client.RedisConnectionException: Can't init enough connections amount! Only 0 from 10 were initialized. Server: /127.0.0.1:6379
	at org.redisson.connection.pool.ConnectionPool$2$1.operationComplete(ConnectionPool.java:128) ~[redisson-2.9.0.jar:na]
	at io.netty.util.concurrent.DefaultPromise.notifyListener0(DefaultPromise.java:507) ~[netty-common-4.1.8.Final.jar:4.1.8.Final]
	at io.netty.util.concurrent.DefaultPromise.notifyListenersNow(DefaultPromise.java:481) ~[netty-common-4.1.8.Final.jar:4.1.8.Final]
	at io.netty.util.concurrent.DefaultPromise.notifyListeners(DefaultPromise.java:420) ~[netty-common-4.1.8.Final.jar:4.1.8.Final]
	at io.netty.util.concurrent.DefaultPromise.tryFailure(DefaultPromise.java:122) ~[netty-common-4.1.8.Final.jar:4.1.8.Final]
	at org.redisson.misc.RedissonPromise.tryFailure(RedissonPromise.java:75) ~[redisson-2.9.0.jar:na]
	at org.redisson.connection.pool.ConnectionPool.promiseFailure(ConnectionPool.java:298) ~[redisson-2.9.0.jar:na]
	at org.redisson.connection.pool.ConnectionPool.access$400(ConnectionPool.java:53) ~[redisson-2.9.0.jar:na]
	at org.redisson.connection.pool.ConnectionPool$4.operationComplete(ConnectionPool.java:268) ~[redisson-2.9.0.jar:na]
	at io.netty.util.concurrent.DefaultPromise.notifyListener0(DefaultPromise.java:507) ~[netty-common-4.1.8.Final.jar:4.1.8.Final]
	at io.netty.util.concurrent.DefaultPromise.notifyListenersNow(DefaultPromise.java:481) ~[netty-common-4.1.8.Final.jar:4.1.8.Final]
	at io.netty.util.concurrent.DefaultPromise.notifyListeners(DefaultPromise.java:420) ~[netty-common-4.1.8.Final.jar:4.1.8.Final]
	at io.netty.util.concurrent.DefaultPromise.tryFailure(DefaultPromise.java:122) ~[netty-common-4.1.8.Final.jar:4.1.8.Final]
	at org.redisson.misc.RedissonPromise.tryFailure(RedissonPromise.java:75) ~[redisson-2.9.0.jar:na]
	at org.redisson.connection.ClientConnectionsEntry$1.operationComplete(ClientConnectionsEntry.java:141) ~[redisson-2.9.0.jar:na]
	at io.netty.util.concurrent.DefaultPromise.notifyListener0(DefaultPromise.java:507) ~[netty-common-4.1.8.Final.jar:4.1.8.Final]
	at io.netty.util.concurrent.DefaultPromise.notifyListenersNow(DefaultPromise.java:481) ~[netty-common-4.1.8.Final.jar:4.1.8.Final]
	at io.netty.util.concurrent.DefaultPromise.notifyListeners(DefaultPromise.java:420) ~[netty-common-4.1.8.Final.jar:4.1.8.Final]
	at io.netty.util.concurrent.DefaultPromise.tryFailure(DefaultPromise.java:122) ~[netty-common-4.1.8.Final.jar:4.1.8.Final]
	at org.redisson.misc.RedissonPromise.tryFailure(RedissonPromise.java:75) ~[redisson-2.9.0.jar:na]
	at org.redisson.client.RedisClient$2$2.run(RedisClient.java:163) ~[redisson-2.9.0.jar:na]
	at io.netty.util.concurrent.AbstractEventExecutor.safeExecute(AbstractEventExecutor.java:163) ~[netty-common-4.1.8.Final.jar:4.1.8.Final]
	at io.netty.util.concurrent.SingleThreadEventExecutor.runAllTasks(SingleThreadEventExecutor.java:403) ~[netty-common-4.1.8.Final.jar:4.1.8.Final]
	at io.netty.channel.nio.NioEventLoop.run(NioEventLoop.java:445) ~[netty-transport-4.1.8.Final.jar:4.1.8.Final]
	at io.netty.util.concurrent.SingleThreadEventExecutor$5.run(SingleThreadEventExecutor.java:858) ~[netty-common-4.1.8.Final.jar:4.1.8.Final]
	at io.netty.util.concurrent.DefaultThreadFactory$DefaultRunnableDecorator.run(DefaultThreadFactory.java:144) ~[netty-common-4.1.8.Final.jar:4.1.8.Final]
	at java.lang.Thread.run(Thread.java:748) ~[na:1.8.0_181]
Caused by: io.netty.channel.AbstractChannel$AnnotatedConnectException: Connection refused: no further information: /127.0.0.1:6379
	at sun.nio.ch.SocketChannelImpl.checkConnect(Native Method) ~[na:1.8.0_181]
	at sun.nio.ch.SocketChannelImpl.finishConnect(SocketChannelImpl.java:717) ~[na:1.8.0_181]
	at io.netty.channel.socket.nio.NioSocketChannel.doFinishConnect(NioSocketChannel.java:347) ~[netty-transport-4.1.8.Final.jar:4.1.8.Final]
	at io.netty.channel.nio.AbstractNioChannel$AbstractNioUnsafe.finishConnect(AbstractNioChannel.java:340) ~[netty-transport-4.1.8.Final.jar:4.1.8.Final]
	at io.netty.channel.nio.NioEventLoop.processSelectedKey(NioEventLoop.java:630) ~[netty-transport-4.1.8.Final.jar:4.1.8.Final]
	at io.netty.channel.nio.NioEventLoop.processSelectedKeysOptimized(NioEventLoop.java:565) ~[netty-transport-4.1.8.Final.jar:4.1.8.Final]
	at io.netty.channel.nio.NioEventLoop.processSelectedKeys(NioEventLoop.java:479) ~[netty-transport-4.1.8.Final.jar:4.1.8.Final]
	at io.netty.channel.nio.NioEventLoop.run(NioEventLoop.java:441) ~[netty-transport-4.1.8.Final.jar:4.1.8.Final]
	... 3 common frames omitted
[09:16:35.261][ERROR][com.mmall.common.RedissonManager][main] redisson init error
org.redisson.client.RedisConnectionException: Can't init enough connections amount! Only 0 from 10 were initialized. Server: /127.0.0.1:6379
	at org.redisson.connection.pool.ConnectionPool$2$1.operationComplete(ConnectionPool.java:128) ~[redisson-2.9.0.jar:na]
	at io.netty.util.concurrent.DefaultPromise.notifyListener0(DefaultPromise.java:507) ~[netty-common-4.1.8.Final.jar:4.1.8.Final]
	at io.netty.util.concurrent.DefaultPromise.notifyListenersNow(DefaultPromise.java:481) ~[netty-common-4.1.8.Final.jar:4.1.8.Final]
	at io.netty.util.concurrent.DefaultPromise.notifyListeners(DefaultPromise.java:420) ~[netty-common-4.1.8.Final.jar:4.1.8.Final]
	at io.netty.util.concurrent.DefaultPromise.tryFailure(DefaultPromise.java:122) ~[netty-common-4.1.8.Final.jar:4.1.8.Final]
	at org.redisson.misc.RedissonPromise.tryFailure(RedissonPromise.java:75) ~[redisson-2.9.0.jar:na]
	at org.redisson.connection.pool.ConnectionPool.promiseFailure(ConnectionPool.java:298) ~[redisson-2.9.0.jar:na]
	at org.redisson.connection.pool.ConnectionPool.access$400(ConnectionPool.java:53) ~[redisson-2.9.0.jar:na]
	at org.redisson.connection.pool.ConnectionPool$4.operationComplete(ConnectionPool.java:268) ~[redisson-2.9.0.jar:na]
	at io.netty.util.concurrent.DefaultPromise.notifyListener0(DefaultPromise.java:507) ~[netty-common-4.1.8.Final.jar:4.1.8.Final]
	at io.netty.util.concurrent.DefaultPromise.notifyListenersNow(DefaultPromise.java:481) ~[netty-common-4.1.8.Final.jar:4.1.8.Final]
	at io.netty.util.concurrent.DefaultPromise.notifyListeners(DefaultPromise.java:420) ~[netty-common-4.1.8.Final.jar:4.1.8.Final]
	at io.netty.util.concurrent.DefaultPromise.tryFailure(DefaultPromise.java:122) ~[netty-common-4.1.8.Final.jar:4.1.8.Final]
	at org.redisson.misc.RedissonPromise.tryFailure(RedissonPromise.java:75) ~[redisson-2.9.0.jar:na]
	at org.redisson.connection.ClientConnectionsEntry$1.operationComplete(ClientConnectionsEntry.java:141) ~[redisson-2.9.0.jar:na]
	at io.netty.util.concurrent.DefaultPromise.notifyListener0(DefaultPromise.java:507) ~[netty-common-4.1.8.Final.jar:4.1.8.Final]
	at io.netty.util.concurrent.DefaultPromise.notifyListenersNow(DefaultPromise.java:481) ~[netty-common-4.1.8.Final.jar:4.1.8.Final]
	at io.netty.util.concurrent.DefaultPromise.notifyListeners(DefaultPromise.java:420) ~[netty-common-4.1.8.Final.jar:4.1.8.Final]
	at io.netty.util.concurrent.DefaultPromise.tryFailure(DefaultPromise.java:122) ~[netty-common-4.1.8.Final.jar:4.1.8.Final]
	at org.redisson.misc.RedissonPromise.tryFailure(RedissonPromise.java:75) ~[redisson-2.9.0.jar:na]
	at org.redisson.client.RedisClient$2$2.run(RedisClient.java:163) ~[redisson-2.9.0.jar:na]
	at io.netty.util.concurrent.AbstractEventExecutor.safeExecute(AbstractEventExecutor.java:163) ~[netty-common-4.1.8.Final.jar:4.1.8.Final]
	at io.netty.util.concurrent.SingleThreadEventExecutor.runAllTasks(SingleThreadEventExecutor.java:403) ~[netty-common-4.1.8.Final.jar:4.1.8.Final]
	at io.netty.channel.nio.NioEventLoop.run(NioEventLoop.java:445) ~[netty-transport-4.1.8.Final.jar:4.1.8.Final]
	at io.netty.util.concurrent.SingleThreadEventExecutor$5.run(SingleThreadEventExecutor.java:858) ~[netty-common-4.1.8.Final.jar:4.1.8.Final]
	at io.netty.util.concurrent.DefaultThreadFactory$DefaultRunnableDecorator.run(DefaultThreadFactory.java:144) ~[netty-common-4.1.8.Final.jar:4.1.8.Final]
	at java.lang.Thread.run(Thread.java:748) ~[na:1.8.0_181]
Caused by: io.netty.channel.AbstractChannel$AnnotatedConnectException: Connection refused: no further information: /127.0.0.1:6379
	at sun.nio.ch.SocketChannelImpl.checkConnect(Native Method) ~[na:1.8.0_181]
	at sun.nio.ch.SocketChannelImpl.finishConnect(SocketChannelImpl.java:717) ~[na:1.8.0_181]
	at io.netty.channel.socket.nio.NioSocketChannel.doFinishConnect(NioSocketChannel.java:347) ~[netty-transport-4.1.8.Final.jar:4.1.8.Final]
	at io.netty.channel.nio.AbstractNioChannel$AbstractNioUnsafe.finishConnect(AbstractNioChannel.java:340) ~[netty-transport-4.1.8.Final.jar:4.1.8.Final]
	at io.netty.channel.nio.NioEventLoop.processSelectedKey(NioEventLoop.java:630) ~[netty-transport-4.1.8.Final.jar:4.1.8.Final]
	at io.netty.channel.nio.NioEventLoop.processSelectedKeysOptimized(NioEventLoop.java:565) ~[netty-transport-4.1.8.Final.jar:4.1.8.Final]
	at io.netty.channel.nio.NioEventLoop.processSelectedKeys(NioEventLoop.java:479) ~[netty-transport-4.1.8.Final.jar:4.1.8.Final]
	at io.netty.channel.nio.NioEventLoop.run(NioEventLoop.java:441) ~[netty-transport-4.1.8.Final.jar:4.1.8.Final]
	... 3 common frames omitted
[09:16:38.744][ERROR][com.mmall.common.RedissonManager][main] redisson init error
org.redisson.client.RedisConnectionException: Can't init enough connections amount! Only 0 from 10 were initialized. Server: /127.0.0.1:6379
	at org.redisson.connection.pool.ConnectionPool$2$1.operationComplete(ConnectionPool.java:128) ~[redisson-2.9.0.jar:na]
	at io.netty.util.concurrent.DefaultPromise.notifyListener0(DefaultPromise.java:507) ~[netty-common-4.1.8.Final.jar:4.1.8.Final]
	at io.netty.util.concurrent.DefaultPromise.notifyListenersNow(DefaultPromise.java:481) ~[netty-common-4.1.8.Final.jar:4.1.8.Final]
	at io.netty.util.concurrent.DefaultPromise.notifyListeners(DefaultPromise.java:420) ~[netty-common-4.1.8.Final.jar:4.1.8.Final]
	at io.netty.util.concurrent.DefaultPromise.tryFailure(DefaultPromise.java:122) ~[netty-common-4.1.8.Final.jar:4.1.8.Final]
	at org.redisson.misc.RedissonPromise.tryFailure(RedissonPromise.java:75) ~[redisson-2.9.0.jar:na]
	at org.redisson.connection.pool.ConnectionPool.promiseFailure(ConnectionPool.java:298) ~[redisson-2.9.0.jar:na]
	at org.redisson.connection.pool.ConnectionPool.access$400(ConnectionPool.java:53) ~[redisson-2.9.0.jar:na]
	at org.redisson.connection.pool.ConnectionPool$4.operationComplete(ConnectionPool.java:268) ~[redisson-2.9.0.jar:na]
	at io.netty.util.concurrent.DefaultPromise.notifyListener0(DefaultPromise.java:507) ~[netty-common-4.1.8.Final.jar:4.1.8.Final]
	at io.netty.util.concurrent.DefaultPromise.notifyListenersNow(DefaultPromise.java:481) ~[netty-common-4.1.8.Final.jar:4.1.8.Final]
	at io.netty.util.concurrent.DefaultPromise.notifyListeners(DefaultPromise.java:420) ~[netty-common-4.1.8.Final.jar:4.1.8.Final]
	at io.netty.util.concurrent.DefaultPromise.tryFailure(DefaultPromise.java:122) ~[netty-common-4.1.8.Final.jar:4.1.8.Final]
	at org.redisson.misc.RedissonPromise.tryFailure(RedissonPromise.java:75) ~[redisson-2.9.0.jar:na]
	at org.redisson.connection.ClientConnectionsEntry$1.operationComplete(ClientConnectionsEntry.java:141) ~[redisson-2.9.0.jar:na]
	at io.netty.util.concurrent.DefaultPromise.notifyListener0(DefaultPromise.java:507) ~[netty-common-4.1.8.Final.jar:4.1.8.Final]
	at io.netty.util.concurrent.DefaultPromise.notifyListenersNow(DefaultPromise.java:481) ~[netty-common-4.1.8.Final.jar:4.1.8.Final]
	at io.netty.util.concurrent.DefaultPromise.notifyListeners(DefaultPromise.java:420) ~[netty-common-4.1.8.Final.jar:4.1.8.Final]
	at io.netty.util.concurrent.DefaultPromise.tryFailure(DefaultPromise.java:122) ~[netty-common-4.1.8.Final.jar:4.1.8.Final]
	at org.redisson.misc.RedissonPromise.tryFailure(RedissonPromise.java:75) ~[redisson-2.9.0.jar:na]
	at org.redisson.client.RedisClient$2$2.run(RedisClient.java:163) ~[redisson-2.9.0.jar:na]
	at io.netty.util.concurrent.AbstractEventExecutor.safeExecute(AbstractEventExecutor.java:163) ~[netty-common-4.1.8.Final.jar:4.1.8.Final]
	at io.netty.util.concurrent.SingleThreadEventExecutor.runAllTasks(SingleThreadEventExecutor.java:403) ~[netty-common-4.1.8.Final.jar:4.1.8.Final]
	at io.netty.channel.nio.NioEventLoop.run(NioEventLoop.java:445) ~[netty-transport-4.1.8.Final.jar:4.1.8.Final]
	at io.netty.util.concurrent.SingleThreadEventExecutor$5.run(SingleThreadEventExecutor.java:858) ~[netty-common-4.1.8.Final.jar:4.1.8.Final]
	at io.netty.util.concurrent.DefaultThreadFactory$DefaultRunnableDecorator.run(DefaultThreadFactory.java:144) ~[netty-common-4.1.8.Final.jar:4.1.8.Final]
	at java.lang.Thread.run(Thread.java:748) ~[na:1.8.0_181]
Caused by: io.netty.channel.AbstractChannel$AnnotatedConnectException: Connection refused: no further information: /127.0.0.1:6379
	at sun.nio.ch.SocketChannelImpl.checkConnect(Native Method) ~[na:1.8.0_181]
	at sun.nio.ch.SocketChannelImpl.finishConnect(SocketChannelImpl.java:717) ~[na:1.8.0_181]
	at io.netty.channel.socket.nio.NioSocketChannel.doFinishConnect(NioSocketChannel.java:347) ~[netty-transport-4.1.8.Final.jar:4.1.8.Final]
	at io.netty.channel.nio.AbstractNioChannel$AbstractNioUnsafe.finishConnect(AbstractNioChannel.java:340) ~[netty-transport-4.1.8.Final.jar:4.1.8.Final]
	at io.netty.channel.nio.NioEventLoop.processSelectedKey(NioEventLoop.java:630) ~[netty-transport-4.1.8.Final.jar:4.1.8.Final]
	at io.netty.channel.nio.NioEventLoop.processSelectedKeysOptimized(NioEventLoop.java:565) ~[netty-transport-4.1.8.Final.jar:4.1.8.Final]
	at io.netty.channel.nio.NioEventLoop.processSelectedKeys(NioEventLoop.java:479) ~[netty-transport-4.1.8.Final.jar:4.1.8.Final]
	at io.netty.channel.nio.NioEventLoop.run(NioEventLoop.java:441) ~[netty-transport-4.1.8.Final.jar:4.1.8.Final]
	... 3 common frames omitted
